\BOOKMARK [1][-]{section.1}{Introduction}{}% 1
\BOOKMARK [2][-]{subsection.1.1}{Genetic Algorithms}{section.1}% 2
\BOOKMARK [2][-]{subsection.1.2}{Monopoly}{section.1}% 3
\BOOKMARK [2][-]{subsection.1.3}{This article}{section.1}% 4
\BOOKMARK [1][-]{section.2}{Implementation}{}% 5
\BOOKMARK [2][-]{subsection.2.1}{Rules of the Game}{section.2}% 6
\BOOKMARK [3][-]{subsubsection.2.1.1}{The Board: Squares and Assets}{subsection.2.1}% 7
\BOOKMARK [3][-]{subsubsection.2.1.2}{Players and Turns}{subsection.2.1}% 8
\BOOKMARK [3][-]{subsubsection.2.1.3}{Cards}{subsection.2.1}% 9
\BOOKMARK [3][-]{subsubsection.2.1.4}{Paying Up}{subsection.2.1}% 10
\BOOKMARK [3][-]{subsubsection.2.1.5}{Win conditions}{subsection.2.1}% 11
\BOOKMARK [2][-]{subsection.2.2}{Trading}{section.2}% 12
\BOOKMARK [2][-]{subsection.2.3}{Genetics}{section.2}% 13
\BOOKMARK [3][-]{subsubsection.2.3.1}{PlayerPurchase}{subsection.2.3}% 14
\BOOKMARK [3][-]{subsubsection.2.3.2}{PlayerValue}{subsection.2.3}% 15
\BOOKMARK [2][-]{subsection.2.4}{Problems}{section.2}% 16
\BOOKMARK [2][-]{subsection.2.5}{Simulator}{section.2}% 17
\BOOKMARK [3][-]{subsubsection.2.5.1}{Playing games}{subsection.2.5}% 18
\BOOKMARK [3][-]{subsubsection.2.5.2}{Variables}{subsection.2.5}% 19
\BOOKMARK [3][-]{subsubsection.2.5.3}{Crossover Strategies}{subsection.2.5}% 20
\BOOKMARK [3][-]{subsubsection.2.5.4}{Mutation Strategies}{subsection.2.5}% 21
\BOOKMARK [1][-]{section.3}{Results}{}% 22
\BOOKMARK [2][-]{subsection.3.1}{Property Valuation}{section.3}% 23
\BOOKMARK [1][-]{section.4}{Variation}{}% 24
\BOOKMARK [2][-]{subsection.4.1}{Population}{section.4}% 25
\BOOKMARK [2][-]{subsection.4.2}{Mutation Level}{section.4}% 26
\BOOKMARK [2][-]{subsection.4.3}{Granularity of Genes}{section.4}% 27
\BOOKMARK [1][-]{section.5}{Conclusions}{}% 28
